


ARM Macro Assembler    Page 1 


    1 00000000         ;/******************************************************
                       ********************//**
    2 00000000         ; * @file     startup_LPC112x.s
    3 00000000         ; * @brief    CMSIS Cortex-M0 Core Device Startup File f
                       or
    4 00000000         ; *           NXP LPC112x Device Series
    5 00000000         ; * @version  V1.02
    6 00000000         ; * @date     19. January 2015
    7 00000000         ; *
    8 00000000         ; * @note
    9 00000000         ; * Copyright (C) 2013 - 2015 ARM Limited. All rights re
                       served.
   10 00000000         ; *
   11 00000000         ; * @par
   12 00000000         ; * ARM Limited (ARM) is supplying this software for use
                        with Cortex-M
   13 00000000         ; * processor based microcontrollers.  This file can be 
                       freely distributed
   14 00000000         ; * within development tools that are supporting such AR
                       M based processors.
   15 00000000         ; *
   16 00000000         ; * @par
   17 00000000         ; * THIS SOFTWARE IS PROVIDED "AS IS".  NO WARRANTIES, W
                       HETHER EXPRESS, IMPLIED
   18 00000000         ; * OR STATUTORY, INCLUDING, BUT NOT LIMITED TO, IMPLIED
                        WARRANTIES OF
   19 00000000         ; * MERCHANTABILITY AND FITNESS FOR A PARTICULAR PURPOSE
                        APPLY TO THIS SOFTWARE.
   20 00000000         ; * ARM SHALL NOT, IN ANY CIRCUMSTANCES, BE LIABLE FOR S
                       PECIAL, INCIDENTAL, OR
   21 00000000         ; * CONSEQUENTIAL DAMAGES, FOR ANY REASON WHATSOEVER.
   22 00000000         ; *
   23 00000000         ; ******************************************************
                       ************************/
   24 00000000         
   25 00000000         ; *------- <<< Use Configuration Wizard in Context Menu 
                       >>> ------------------
   26 00000000         
   27 00000000         ; <h> Stack Configuration
   28 00000000         ;   <o> Stack Size (in Bytes) <0x0-0xFFFFFFFF:8>
   29 00000000         ; </h>
   30 00000000         
   31 00000000 00000800 
                       Stack_Size
                               EQU              0x00000800
   32 00000000         
   33 00000000                 AREA             STACK, NOINIT, READWRITE, ALIGN
=3
   34 00000000         Stack_Mem
                               SPACE            Stack_Size
   35 00000800         __initial_sp
   36 00000800         
   37 00000800         
   38 00000800         ; <h> Heap Configuration
   39 00000800         ;   <o>  Heap Size (in Bytes) <0x0-0xFFFFFFFF:8>
   40 00000800         ; </h>
   41 00000800         
   42 00000800 00000400 
                       Heap_Size



ARM Macro Assembler    Page 2 


                               EQU              0x00000400
   43 00000800         
   44 00000800                 AREA             HEAP, NOINIT, READWRITE, ALIGN=
3
   45 00000000         __heap_base
   46 00000000         Heap_Mem
                               SPACE            Heap_Size
   47 00000400         __heap_limit
   48 00000400         
   49 00000400         
   50 00000400                 PRESERVE8
   51 00000400                 THUMB
   52 00000400         
   53 00000400         
   54 00000400         ; Vector Table Mapped to Address 0 at Reset
   55 00000400         
   56 00000400                 AREA             RESET, DATA, READONLY
   57 00000000                 EXPORT           __Vectors
   58 00000000         
   59 00000000 00000000 
                       __Vectors
                               DCD              __initial_sp ;     Top of Stack
                                                            
   60 00000004 00000000        DCD              Reset_Handler 
                                                            ;     Reset Handler
                                                            
   61 00000008 00000000        DCD              NMI_Handler ;     NMI Handler
   62 0000000C 00000000        DCD              HardFault_Handler ;     Hard Fa
                                                            ult Handler
   63 00000010 00000000        DCD              0           ;     Reserved
   64 00000014 00000000        DCD              0           ;     Reserved
   65 00000018 00000000        DCD              0           ;     Reserved
   66 0000001C 00000000        DCD              0           ;     Reserved
   67 00000020 00000000        DCD              0           ;     Reserved
   68 00000024 00000000        DCD              0           ;     Reserved
   69 00000028 00000000        DCD              0           ;     Reserved
   70 0000002C 00000000        DCD              SVC_Handler ;     SVCall Handle
                                                            r
   71 00000030 00000000        DCD              0           ;     Reserved
   72 00000034 00000000        DCD              0           ;     Reserved
   73 00000038 00000000        DCD              PendSV_Handler ;     PendSV Han
                                                            dler
   74 0000003C 00000000        DCD              SysTick_Handler ;     SysTick H
                                                            andler
   75 00000040         
   76 00000040         ; External Interrupts
   77 00000040 00000000        DCD              PIO0_0_IRQHandler ;  0: PIO0_0
   78 00000044 00000000        DCD              PIO0_1_IRQHandler ;  1: PIO0_1
   79 00000048 00000000        DCD              PIO0_2_IRQHandler ;  2: PIO0_2
   80 0000004C 00000000        DCD              PIO0_3_IRQHandler ;  3: PIO0_3
   81 00000050 00000000        DCD              PIO0_4_IRQHandler ;  4: PIO0_4
   82 00000054 00000000        DCD              PIO0_5_IRQHandler ;  5: PIO0_5
   83 00000058 00000000        DCD              PIO0_6_IRQHandler ;  6: PIO0_6
   84 0000005C 00000000        DCD              PIO0_7_IRQHandler ;  7: PIO0_7
   85 00000060 00000000        DCD              PIO0_8_IRQHandler ;  8: PIO0_8
   86 00000064 00000000        DCD              PIO0_9_IRQHandler ;  9: PIO0_9
   87 00000068 00000000        DCD              PIO0_10_IRQHandler 
                                                            ; 10: PIO0_10
   88 0000006C 00000000        DCD              PIO0_11_IRQHandler 



ARM Macro Assembler    Page 3 


                                                            ; 11: PIO0_11
   89 00000070 00000000        DCD              PIO1_0_IRQHandler ; 12: PIO1_0
   90 00000074 00000000        DCD              ADC_B_IRQHandler ; 13: ADC_B
   91 00000078 00000000        DCD              SSP1_IRQHandler ; 14: SSP1
   92 0000007C 00000000        DCD              I2C_IRQHandler ; 15: I2C
   93 00000080 00000000        DCD              CT16B0_IRQHandler ; 16: CT16B0
   94 00000084 00000000        DCD              CT16B1_IRQHandler ; 17: CT16B1
   95 00000088 00000000        DCD              CT32B0_IRQHandler ; 18: CT32B0
   96 0000008C 00000000        DCD              CT32B1_IRQHandler ; 19: CT32B1
   97 00000090 00000000        DCD              SSP0_IRQHandler ; 20: SSP0
   98 00000094 00000000        DCD              UART0_IRQHandler ; 21: UART0
   99 00000098 00000000        DCD              UART1_IRQHandler ; 22: UART1
  100 0000009C 00000000        DCD              UART2_IRQHandler ; 23: UART2
  101 000000A0 00000000        DCD              ADC_A_IRQHandler ; 24: ADC_A
  102 000000A4 00000000        DCD              WDT_IRQHandler ; 25: WDT
  103 000000A8 00000000        DCD              BOD_IRQHandler ; 26: BOD
  104 000000AC 00000000        DCD              FLASH_IRQHandler ; 27: FLASH
  105 000000B0 00000000        DCD              GPIO3_IRQHandler ; 28: GPIO3
  106 000000B4 00000000        DCD              GPIO2_IRQHandler ; 29: GPIO2
  107 000000B8 00000000        DCD              GPIO1_IRQHandler ; 30: GPIO1
  108 000000BC 00000000        DCD              GPIO0_IRQHandler ; 31: GPIO0
  109 000000C0         
  110 000000C0         ; <h> Code Read Protection
  111 000000C0         ;   <o> Code Read Protection  <0xFFFFFFFF=>CRP Disabled
  112 000000C0         ;                             <0x12345678=>CRP Level 1
  113 000000C0         ;                             <0x87654321=>CRP Level 2
  114 000000C0         ;                             <0x43218765=>CRP Level 3 (
                       ARE YOU SURE?)
  115 000000C0         ;                             <0x4E697370=>NO ISP (ARE Y
                       OU SURE?)
  116 000000C0         ; </h>
  117 000000C0                 IF               :LNOT::DEF:NO_CRP
  120                          ENDIF
  121 000000C0         
  122 000000C0                 AREA             |.text|, CODE, READONLY
  123 00000000         
  124 00000000         
  125 00000000         ; Reset Handler
  126 00000000         
  127 00000000         Reset_Handler
                               PROC
  128 00000000                 EXPORT           Reset_Handler             [WEAK
]
  129 00000000                 IMPORT           SystemInit
  130 00000000                 IMPORT           __main
  131 00000000 4804            LDR              R0, =SystemInit
  132 00000002 4780            BLX              R0
  133 00000004 4804            LDR              R0, =__main
  134 00000006 4700            BX               R0
  135 00000008                 ENDP
  136 00000008         
  137 00000008         
  138 00000008         ; Dummy Exception Handlers (infinite loops which can be 
                       modified)
  139 00000008         
  140 00000008         NMI_Handler
                               PROC
  141 00000008                 EXPORT           NMI_Handler               [WEAK
]



ARM Macro Assembler    Page 4 


  142 00000008 E7FE            B                .
  143 0000000A                 ENDP
  145 0000000A         HardFault_Handler
                               PROC
  146 0000000A                 EXPORT           HardFault_Handler         [WEAK
]
  147 0000000A E7FE            B                .
  148 0000000C                 ENDP
  149 0000000C         SVC_Handler
                               PROC
  150 0000000C                 EXPORT           SVC_Handler               [WEAK
]
  151 0000000C E7FE            B                .
  152 0000000E                 ENDP
  153 0000000E         PendSV_Handler
                               PROC
  154 0000000E                 EXPORT           PendSV_Handler            [WEAK
]
  155 0000000E E7FE            B                .
  156 00000010                 ENDP
  157 00000010         SysTick_Handler
                               PROC
  158 00000010                 EXPORT           SysTick_Handler           [WEAK
]
  159 00000010 E7FE            B                .
  160 00000012                 ENDP
  161 00000012         
  162 00000012         Default_Handler
                               PROC
  163 00000012         
  164 00000012                 EXPORT           PIO0_0_IRQHandler         [WEAK
]
  165 00000012                 EXPORT           PIO0_1_IRQHandler         [WEAK
]
  166 00000012                 EXPORT           PIO0_2_IRQHandler         [WEAK
]
  167 00000012                 EXPORT           PIO0_3_IRQHandler         [WEAK
]
  168 00000012                 EXPORT           PIO0_4_IRQHandler         [WEAK
]
  169 00000012                 EXPORT           PIO0_5_IRQHandler         [WEAK
]
  170 00000012                 EXPORT           PIO0_6_IRQHandler         [WEAK
]
  171 00000012                 EXPORT           PIO0_7_IRQHandler         [WEAK
]
  172 00000012                 EXPORT           PIO0_8_IRQHandler         [WEAK
]
  173 00000012                 EXPORT           PIO0_9_IRQHandler         [WEAK
]
  174 00000012                 EXPORT           PIO0_10_IRQHandler        [WEAK
]
  175 00000012                 EXPORT           PIO0_11_IRQHandler        [WEAK
]
  176 00000012                 EXPORT           PIO1_0_IRQHandler         [WEAK
]
  177 00000012                 EXPORT           ADC_B_IRQHandler          [WEAK
]
  178 00000012                 EXPORT           SSP1_IRQHandler           [WEAK



ARM Macro Assembler    Page 5 


]
  179 00000012                 EXPORT           I2C_IRQHandler            [WEAK
]
  180 00000012                 EXPORT           CT16B0_IRQHandler         [WEAK
]
  181 00000012                 EXPORT           CT16B1_IRQHandler         [WEAK
]
  182 00000012                 EXPORT           CT32B0_IRQHandler         [WEAK
]
  183 00000012                 EXPORT           CT32B1_IRQHandler         [WEAK
]
  184 00000012                 EXPORT           SSP0_IRQHandler           [WEAK
]
  185 00000012                 EXPORT           UART0_IRQHandler          [WEAK
]
  186 00000012                 EXPORT           UART1_IRQHandler          [WEAK
]
  187 00000012                 EXPORT           UART2_IRQHandler          [WEAK
]
  188 00000012                 EXPORT           ADC_A_IRQHandler          [WEAK
]
  189 00000012                 EXPORT           WDT_IRQHandler            [WEAK
]
  190 00000012                 EXPORT           BOD_IRQHandler            [WEAK
]
  191 00000012                 EXPORT           FLASH_IRQHandler          [WEAK
]
  192 00000012                 EXPORT           GPIO3_IRQHandler          [WEAK
]
  193 00000012                 EXPORT           GPIO2_IRQHandler          [WEAK
]
  194 00000012                 EXPORT           GPIO1_IRQHandler          [WEAK
]
  195 00000012                 EXPORT           GPIO0_IRQHandler          [WEAK
]
  196 00000012         
  197 00000012         PIO0_0_IRQHandler
  198 00000012         PIO0_1_IRQHandler
  199 00000012         PIO0_2_IRQHandler
  200 00000012         PIO0_3_IRQHandler
  201 00000012         PIO0_4_IRQHandler
  202 00000012         PIO0_5_IRQHandler
  203 00000012         PIO0_6_IRQHandler
  204 00000012         PIO0_7_IRQHandler
  205 00000012         PIO0_8_IRQHandler
  206 00000012         PIO0_9_IRQHandler
  207 00000012         PIO0_10_IRQHandler
  208 00000012         PIO0_11_IRQHandler
  209 00000012         PIO1_0_IRQHandler
  210 00000012         ADC_B_IRQHandler
  211 00000012         SSP1_IRQHandler
  212 00000012         I2C_IRQHandler
  213 00000012         CT16B0_IRQHandler
  214 00000012         CT16B1_IRQHandler
  215 00000012         CT32B0_IRQHandler
  216 00000012         CT32B1_IRQHandler
  217 00000012         SSP0_IRQHandler
  218 00000012         UART0_IRQHandler
  219 00000012         UART1_IRQHandler



ARM Macro Assembler    Page 6 


  220 00000012         UART2_IRQHandler
  221 00000012         ADC_A_IRQHandler
  222 00000012         WDT_IRQHandler
  223 00000012         BOD_IRQHandler
  224 00000012         FLASH_IRQHandler
  225 00000012         GPIO3_IRQHandler
  226 00000012         GPIO2_IRQHandler
  227 00000012         GPIO1_IRQHandler
  228 00000012         GPIO0_IRQHandler
  229 00000012         
  230 00000012 E7FE            B                .
  231 00000014         
  232 00000014                 ENDP
  233 00000014         
  234 00000014         
  235 00000014                 ALIGN
  236 00000014         
  237 00000014         
  238 00000014         ; User Initial Stack & Heap
  239 00000014         
  240 00000014                 IF               :DEF:__MICROLIB
  241 00000014         
  242 00000014                 EXPORT           __initial_sp
  243 00000014                 EXPORT           __heap_base
  244 00000014                 EXPORT           __heap_limit
  245 00000014         
  246 00000014                 ELSE
  260                          ENDIF
  261 00000014         
  262 00000014         
  263 00000014                 END
              00000000 
              00000000 
Command Line: --debug --xref --cpu=Cortex-M0 --apcs=interwork --depend=.\object
s\startup_lpc112x.d -o.\objects\startup_lpc112x.o -IE:\GSDProduct\Hotel\Hotel_W
G_JW\IDE\RTE -IC:\Keil_v5\ARM\PACK\Keil\LPC1100_DFP\1.4.0\Device\Include\LPC112
x -IC:\Keil_v5\ARM\CMSIS\Include --predefine="__MICROLIB SETA 1" --predefine="_
_UVISION_VERSION SETA 513" --predefine="LPC1125 SETA 1" --predefine="NO_CRP SET
A 1" --list=.\listings\startup_lpc112x.lst ..\Code\NXPLib\CMSIS\lpc112x\startup
_LPC112x.s



ARM Macro Assembler    Page 1 Alphabetic symbol ordering
Relocatable symbols

STACK 00000000

Symbol: STACK
   Definitions
      At line 33 in file ..\Code\NXPLib\CMSIS\lpc112x\startup_LPC112x.s
   Uses
      None
Comment: STACK unused
Stack_Mem 00000000

Symbol: Stack_Mem
   Definitions
      At line 34 in file ..\Code\NXPLib\CMSIS\lpc112x\startup_LPC112x.s
   Uses
      None
Comment: Stack_Mem unused
__initial_sp 00000800

Symbol: __initial_sp
   Definitions
      At line 35 in file ..\Code\NXPLib\CMSIS\lpc112x\startup_LPC112x.s
   Uses
      At line 59 in file ..\Code\NXPLib\CMSIS\lpc112x\startup_LPC112x.s
      At line 242 in file ..\Code\NXPLib\CMSIS\lpc112x\startup_LPC112x.s

3 symbols



ARM Macro Assembler    Page 1 Alphabetic symbol ordering
Relocatable symbols

HEAP 00000000

Symbol: HEAP
   Definitions
      At line 44 in file ..\Code\NXPLib\CMSIS\lpc112x\startup_LPC112x.s
   Uses
      None
Comment: HEAP unused
Heap_Mem 00000000

Symbol: Heap_Mem
   Definitions
      At line 46 in file ..\Code\NXPLib\CMSIS\lpc112x\startup_LPC112x.s
   Uses
      None
Comment: Heap_Mem unused
__heap_base 00000000

Symbol: __heap_base
   Definitions
      At line 45 in file ..\Code\NXPLib\CMSIS\lpc112x\startup_LPC112x.s
   Uses
      At line 243 in file ..\Code\NXPLib\CMSIS\lpc112x\startup_LPC112x.s
Comment: __heap_base used once
__heap_limit 00000400

Symbol: __heap_limit
   Definitions
      At line 47 in file ..\Code\NXPLib\CMSIS\lpc112x\startup_LPC112x.s
   Uses
      At line 244 in file ..\Code\NXPLib\CMSIS\lpc112x\startup_LPC112x.s
Comment: __heap_limit used once
4 symbols



ARM Macro Assembler    Page 1 Alphabetic symbol ordering
Relocatable symbols

RESET 00000000

Symbol: RESET
   Definitions
      At line 56 in file ..\Code\NXPLib\CMSIS\lpc112x\startup_LPC112x.s
   Uses
      None
Comment: RESET unused
__Vectors 00000000

Symbol: __Vectors
   Definitions
      At line 59 in file ..\Code\NXPLib\CMSIS\lpc112x\startup_LPC112x.s
   Uses
      At line 57 in file ..\Code\NXPLib\CMSIS\lpc112x\startup_LPC112x.s
Comment: __Vectors used once
2 symbols



ARM Macro Assembler    Page 1 Alphabetic symbol ordering
Relocatable symbols

.text 00000000

Symbol: .text
   Definitions
      At line 122 in file ..\Code\NXPLib\CMSIS\lpc112x\startup_LPC112x.s
   Uses
      None
Comment: .text unused
ADC_A_IRQHandler 00000012

Symbol: ADC_A_IRQHandler
   Definitions
      At line 221 in file ..\Code\NXPLib\CMSIS\lpc112x\startup_LPC112x.s
   Uses
      At line 101 in file ..\Code\NXPLib\CMSIS\lpc112x\startup_LPC112x.s
      At line 188 in file ..\Code\NXPLib\CMSIS\lpc112x\startup_LPC112x.s

ADC_B_IRQHandler 00000012

Symbol: ADC_B_IRQHandler
   Definitions
      At line 210 in file ..\Code\NXPLib\CMSIS\lpc112x\startup_LPC112x.s
   Uses
      At line 90 in file ..\Code\NXPLib\CMSIS\lpc112x\startup_LPC112x.s
      At line 177 in file ..\Code\NXPLib\CMSIS\lpc112x\startup_LPC112x.s

BOD_IRQHandler 00000012

Symbol: BOD_IRQHandler
   Definitions
      At line 223 in file ..\Code\NXPLib\CMSIS\lpc112x\startup_LPC112x.s
   Uses
      At line 103 in file ..\Code\NXPLib\CMSIS\lpc112x\startup_LPC112x.s
      At line 190 in file ..\Code\NXPLib\CMSIS\lpc112x\startup_LPC112x.s

CT16B0_IRQHandler 00000012

Symbol: CT16B0_IRQHandler
   Definitions
      At line 213 in file ..\Code\NXPLib\CMSIS\lpc112x\startup_LPC112x.s
   Uses
      At line 93 in file ..\Code\NXPLib\CMSIS\lpc112x\startup_LPC112x.s
      At line 180 in file ..\Code\NXPLib\CMSIS\lpc112x\startup_LPC112x.s

CT16B1_IRQHandler 00000012

Symbol: CT16B1_IRQHandler
   Definitions
      At line 214 in file ..\Code\NXPLib\CMSIS\lpc112x\startup_LPC112x.s
   Uses
      At line 94 in file ..\Code\NXPLib\CMSIS\lpc112x\startup_LPC112x.s
      At line 181 in file ..\Code\NXPLib\CMSIS\lpc112x\startup_LPC112x.s

CT32B0_IRQHandler 00000012

Symbol: CT32B0_IRQHandler
   Definitions
      At line 215 in file ..\Code\NXPLib\CMSIS\lpc112x\startup_LPC112x.s
   Uses



ARM Macro Assembler    Page 2 Alphabetic symbol ordering
Relocatable symbols

      At line 95 in file ..\Code\NXPLib\CMSIS\lpc112x\startup_LPC112x.s
      At line 182 in file ..\Code\NXPLib\CMSIS\lpc112x\startup_LPC112x.s

CT32B1_IRQHandler 00000012

Symbol: CT32B1_IRQHandler
   Definitions
      At line 216 in file ..\Code\NXPLib\CMSIS\lpc112x\startup_LPC112x.s
   Uses
      At line 96 in file ..\Code\NXPLib\CMSIS\lpc112x\startup_LPC112x.s
      At line 183 in file ..\Code\NXPLib\CMSIS\lpc112x\startup_LPC112x.s

Default_Handler 00000012

Symbol: Default_Handler
   Definitions
      At line 162 in file ..\Code\NXPLib\CMSIS\lpc112x\startup_LPC112x.s
   Uses
      None
Comment: Default_Handler unused
FLASH_IRQHandler 00000012

Symbol: FLASH_IRQHandler
   Definitions
      At line 224 in file ..\Code\NXPLib\CMSIS\lpc112x\startup_LPC112x.s
   Uses
      At line 104 in file ..\Code\NXPLib\CMSIS\lpc112x\startup_LPC112x.s
      At line 191 in file ..\Code\NXPLib\CMSIS\lpc112x\startup_LPC112x.s

GPIO0_IRQHandler 00000012

Symbol: GPIO0_IRQHandler
   Definitions
      At line 228 in file ..\Code\NXPLib\CMSIS\lpc112x\startup_LPC112x.s
   Uses
      At line 108 in file ..\Code\NXPLib\CMSIS\lpc112x\startup_LPC112x.s
      At line 195 in file ..\Code\NXPLib\CMSIS\lpc112x\startup_LPC112x.s

GPIO1_IRQHandler 00000012

Symbol: GPIO1_IRQHandler
   Definitions
      At line 227 in file ..\Code\NXPLib\CMSIS\lpc112x\startup_LPC112x.s
   Uses
      At line 107 in file ..\Code\NXPLib\CMSIS\lpc112x\startup_LPC112x.s
      At line 194 in file ..\Code\NXPLib\CMSIS\lpc112x\startup_LPC112x.s

GPIO2_IRQHandler 00000012

Symbol: GPIO2_IRQHandler
   Definitions
      At line 226 in file ..\Code\NXPLib\CMSIS\lpc112x\startup_LPC112x.s
   Uses
      At line 106 in file ..\Code\NXPLib\CMSIS\lpc112x\startup_LPC112x.s
      At line 193 in file ..\Code\NXPLib\CMSIS\lpc112x\startup_LPC112x.s

GPIO3_IRQHandler 00000012

Symbol: GPIO3_IRQHandler



ARM Macro Assembler    Page 3 Alphabetic symbol ordering
Relocatable symbols

   Definitions
      At line 225 in file ..\Code\NXPLib\CMSIS\lpc112x\startup_LPC112x.s
   Uses
      At line 105 in file ..\Code\NXPLib\CMSIS\lpc112x\startup_LPC112x.s
      At line 192 in file ..\Code\NXPLib\CMSIS\lpc112x\startup_LPC112x.s

HardFault_Handler 0000000A

Symbol: HardFault_Handler
   Definitions
      At line 145 in file ..\Code\NXPLib\CMSIS\lpc112x\startup_LPC112x.s
   Uses
      At line 62 in file ..\Code\NXPLib\CMSIS\lpc112x\startup_LPC112x.s
      At line 146 in file ..\Code\NXPLib\CMSIS\lpc112x\startup_LPC112x.s

I2C_IRQHandler 00000012

Symbol: I2C_IRQHandler
   Definitions
      At line 212 in file ..\Code\NXPLib\CMSIS\lpc112x\startup_LPC112x.s
   Uses
      At line 92 in file ..\Code\NXPLib\CMSIS\lpc112x\startup_LPC112x.s
      At line 179 in file ..\Code\NXPLib\CMSIS\lpc112x\startup_LPC112x.s

NMI_Handler 00000008

Symbol: NMI_Handler
   Definitions
      At line 140 in file ..\Code\NXPLib\CMSIS\lpc112x\startup_LPC112x.s
   Uses
      At line 61 in file ..\Code\NXPLib\CMSIS\lpc112x\startup_LPC112x.s
      At line 141 in file ..\Code\NXPLib\CMSIS\lpc112x\startup_LPC112x.s

PIO0_0_IRQHandler 00000012

Symbol: PIO0_0_IRQHandler
   Definitions
      At line 197 in file ..\Code\NXPLib\CMSIS\lpc112x\startup_LPC112x.s
   Uses
      At line 77 in file ..\Code\NXPLib\CMSIS\lpc112x\startup_LPC112x.s
      At line 164 in file ..\Code\NXPLib\CMSIS\lpc112x\startup_LPC112x.s

PIO0_10_IRQHandler 00000012

Symbol: PIO0_10_IRQHandler
   Definitions
      At line 207 in file ..\Code\NXPLib\CMSIS\lpc112x\startup_LPC112x.s
   Uses
      At line 87 in file ..\Code\NXPLib\CMSIS\lpc112x\startup_LPC112x.s
      At line 174 in file ..\Code\NXPLib\CMSIS\lpc112x\startup_LPC112x.s

PIO0_11_IRQHandler 00000012

Symbol: PIO0_11_IRQHandler
   Definitions
      At line 208 in file ..\Code\NXPLib\CMSIS\lpc112x\startup_LPC112x.s
   Uses
      At line 88 in file ..\Code\NXPLib\CMSIS\lpc112x\startup_LPC112x.s
      At line 175 in file ..\Code\NXPLib\CMSIS\lpc112x\startup_LPC112x.s



ARM Macro Assembler    Page 4 Alphabetic symbol ordering
Relocatable symbols


PIO0_1_IRQHandler 00000012

Symbol: PIO0_1_IRQHandler
   Definitions
      At line 198 in file ..\Code\NXPLib\CMSIS\lpc112x\startup_LPC112x.s
   Uses
      At line 78 in file ..\Code\NXPLib\CMSIS\lpc112x\startup_LPC112x.s
      At line 165 in file ..\Code\NXPLib\CMSIS\lpc112x\startup_LPC112x.s

PIO0_2_IRQHandler 00000012

Symbol: PIO0_2_IRQHandler
   Definitions
      At line 199 in file ..\Code\NXPLib\CMSIS\lpc112x\startup_LPC112x.s
   Uses
      At line 79 in file ..\Code\NXPLib\CMSIS\lpc112x\startup_LPC112x.s
      At line 166 in file ..\Code\NXPLib\CMSIS\lpc112x\startup_LPC112x.s

PIO0_3_IRQHandler 00000012

Symbol: PIO0_3_IRQHandler
   Definitions
      At line 200 in file ..\Code\NXPLib\CMSIS\lpc112x\startup_LPC112x.s
   Uses
      At line 80 in file ..\Code\NXPLib\CMSIS\lpc112x\startup_LPC112x.s
      At line 167 in file ..\Code\NXPLib\CMSIS\lpc112x\startup_LPC112x.s

PIO0_4_IRQHandler 00000012

Symbol: PIO0_4_IRQHandler
   Definitions
      At line 201 in file ..\Code\NXPLib\CMSIS\lpc112x\startup_LPC112x.s
   Uses
      At line 81 in file ..\Code\NXPLib\CMSIS\lpc112x\startup_LPC112x.s
      At line 168 in file ..\Code\NXPLib\CMSIS\lpc112x\startup_LPC112x.s

PIO0_5_IRQHandler 00000012

Symbol: PIO0_5_IRQHandler
   Definitions
      At line 202 in file ..\Code\NXPLib\CMSIS\lpc112x\startup_LPC112x.s
   Uses
      At line 82 in file ..\Code\NXPLib\CMSIS\lpc112x\startup_LPC112x.s
      At line 169 in file ..\Code\NXPLib\CMSIS\lpc112x\startup_LPC112x.s

PIO0_6_IRQHandler 00000012

Symbol: PIO0_6_IRQHandler
   Definitions
      At line 203 in file ..\Code\NXPLib\CMSIS\lpc112x\startup_LPC112x.s
   Uses
      At line 83 in file ..\Code\NXPLib\CMSIS\lpc112x\startup_LPC112x.s
      At line 170 in file ..\Code\NXPLib\CMSIS\lpc112x\startup_LPC112x.s

PIO0_7_IRQHandler 00000012

Symbol: PIO0_7_IRQHandler
   Definitions



ARM Macro Assembler    Page 5 Alphabetic symbol ordering
Relocatable symbols

      At line 204 in file ..\Code\NXPLib\CMSIS\lpc112x\startup_LPC112x.s
   Uses
      At line 84 in file ..\Code\NXPLib\CMSIS\lpc112x\startup_LPC112x.s
      At line 171 in file ..\Code\NXPLib\CMSIS\lpc112x\startup_LPC112x.s

PIO0_8_IRQHandler 00000012

Symbol: PIO0_8_IRQHandler
   Definitions
      At line 205 in file ..\Code\NXPLib\CMSIS\lpc112x\startup_LPC112x.s
   Uses
      At line 85 in file ..\Code\NXPLib\CMSIS\lpc112x\startup_LPC112x.s
      At line 172 in file ..\Code\NXPLib\CMSIS\lpc112x\startup_LPC112x.s

PIO0_9_IRQHandler 00000012

Symbol: PIO0_9_IRQHandler
   Definitions
      At line 206 in file ..\Code\NXPLib\CMSIS\lpc112x\startup_LPC112x.s
   Uses
      At line 86 in file ..\Code\NXPLib\CMSIS\lpc112x\startup_LPC112x.s
      At line 173 in file ..\Code\NXPLib\CMSIS\lpc112x\startup_LPC112x.s

PIO1_0_IRQHandler 00000012

Symbol: PIO1_0_IRQHandler
   Definitions
      At line 209 in file ..\Code\NXPLib\CMSIS\lpc112x\startup_LPC112x.s
   Uses
      At line 89 in file ..\Code\NXPLib\CMSIS\lpc112x\startup_LPC112x.s
      At line 176 in file ..\Code\NXPLib\CMSIS\lpc112x\startup_LPC112x.s

PendSV_Handler 0000000E

Symbol: PendSV_Handler
   Definitions
      At line 153 in file ..\Code\NXPLib\CMSIS\lpc112x\startup_LPC112x.s
   Uses
      At line 73 in file ..\Code\NXPLib\CMSIS\lpc112x\startup_LPC112x.s
      At line 154 in file ..\Code\NXPLib\CMSIS\lpc112x\startup_LPC112x.s

Reset_Handler 00000000

Symbol: Reset_Handler
   Definitions
      At line 127 in file ..\Code\NXPLib\CMSIS\lpc112x\startup_LPC112x.s
   Uses
      At line 60 in file ..\Code\NXPLib\CMSIS\lpc112x\startup_LPC112x.s
      At line 128 in file ..\Code\NXPLib\CMSIS\lpc112x\startup_LPC112x.s

SSP0_IRQHandler 00000012

Symbol: SSP0_IRQHandler
   Definitions
      At line 217 in file ..\Code\NXPLib\CMSIS\lpc112x\startup_LPC112x.s
   Uses
      At line 97 in file ..\Code\NXPLib\CMSIS\lpc112x\startup_LPC112x.s
      At line 184 in file ..\Code\NXPLib\CMSIS\lpc112x\startup_LPC112x.s




ARM Macro Assembler    Page 6 Alphabetic symbol ordering
Relocatable symbols

SSP1_IRQHandler 00000012

Symbol: SSP1_IRQHandler
   Definitions
      At line 211 in file ..\Code\NXPLib\CMSIS\lpc112x\startup_LPC112x.s
   Uses
      At line 91 in file ..\Code\NXPLib\CMSIS\lpc112x\startup_LPC112x.s
      At line 178 in file ..\Code\NXPLib\CMSIS\lpc112x\startup_LPC112x.s

SVC_Handler 0000000C

Symbol: SVC_Handler
   Definitions
      At line 149 in file ..\Code\NXPLib\CMSIS\lpc112x\startup_LPC112x.s
   Uses
      At line 70 in file ..\Code\NXPLib\CMSIS\lpc112x\startup_LPC112x.s
      At line 150 in file ..\Code\NXPLib\CMSIS\lpc112x\startup_LPC112x.s

SysTick_Handler 00000010

Symbol: SysTick_Handler
   Definitions
      At line 157 in file ..\Code\NXPLib\CMSIS\lpc112x\startup_LPC112x.s
   Uses
      At line 74 in file ..\Code\NXPLib\CMSIS\lpc112x\startup_LPC112x.s
      At line 158 in file ..\Code\NXPLib\CMSIS\lpc112x\startup_LPC112x.s

UART0_IRQHandler 00000012

Symbol: UART0_IRQHandler
   Definitions
      At line 218 in file ..\Code\NXPLib\CMSIS\lpc112x\startup_LPC112x.s
   Uses
      At line 98 in file ..\Code\NXPLib\CMSIS\lpc112x\startup_LPC112x.s
      At line 185 in file ..\Code\NXPLib\CMSIS\lpc112x\startup_LPC112x.s

UART1_IRQHandler 00000012

Symbol: UART1_IRQHandler
   Definitions
      At line 219 in file ..\Code\NXPLib\CMSIS\lpc112x\startup_LPC112x.s
   Uses
      At line 99 in file ..\Code\NXPLib\CMSIS\lpc112x\startup_LPC112x.s
      At line 186 in file ..\Code\NXPLib\CMSIS\lpc112x\startup_LPC112x.s

UART2_IRQHandler 00000012

Symbol: UART2_IRQHandler
   Definitions
      At line 220 in file ..\Code\NXPLib\CMSIS\lpc112x\startup_LPC112x.s
   Uses
      At line 100 in file ..\Code\NXPLib\CMSIS\lpc112x\startup_LPC112x.s
      At line 187 in file ..\Code\NXPLib\CMSIS\lpc112x\startup_LPC112x.s

WDT_IRQHandler 00000012

Symbol: WDT_IRQHandler
   Definitions
      At line 222 in file ..\Code\NXPLib\CMSIS\lpc112x\startup_LPC112x.s



ARM Macro Assembler    Page 7 Alphabetic symbol ordering
Relocatable symbols

   Uses
      At line 102 in file ..\Code\NXPLib\CMSIS\lpc112x\startup_LPC112x.s
      At line 189 in file ..\Code\NXPLib\CMSIS\lpc112x\startup_LPC112x.s

40 symbols



ARM Macro Assembler    Page 1 Alphabetic symbol ordering
Absolute symbols

Heap_Size 00000400

Symbol: Heap_Size
   Definitions
      At line 42 in file ..\Code\NXPLib\CMSIS\lpc112x\startup_LPC112x.s
   Uses
      At line 46 in file ..\Code\NXPLib\CMSIS\lpc112x\startup_LPC112x.s
Comment: Heap_Size used once
Stack_Size 00000800

Symbol: Stack_Size
   Definitions
      At line 31 in file ..\Code\NXPLib\CMSIS\lpc112x\startup_LPC112x.s
   Uses
      At line 34 in file ..\Code\NXPLib\CMSIS\lpc112x\startup_LPC112x.s
Comment: Stack_Size used once
2 symbols



ARM Macro Assembler    Page 1 Alphabetic symbol ordering
External symbols

SystemInit 00000000

Symbol: SystemInit
   Definitions
      At line 129 in file ..\Code\NXPLib\CMSIS\lpc112x\startup_LPC112x.s
   Uses
      At line 131 in file ..\Code\NXPLib\CMSIS\lpc112x\startup_LPC112x.s
Comment: SystemInit used once
__main 00000000

Symbol: __main
   Definitions
      At line 130 in file ..\Code\NXPLib\CMSIS\lpc112x\startup_LPC112x.s
   Uses
      At line 133 in file ..\Code\NXPLib\CMSIS\lpc112x\startup_LPC112x.s
Comment: __main used once
2 symbols
389 symbols in table
